<?xml version="1.0" encoding="UTF-8" ?>
<testsuite failures="0" time="0.588" errors="0" skipped="0" tests="4" name="com.jd.ipc.inner.action.AnnotationPriorityTest">
  <properties>
[...]
</properties>
  <testcase time="0.528" classname="com.jd.ipc.inner.action.AnnotationPriorityTest" name="testPriority"/>
  <testcase time="0.001" classname="com.jd.ipc.inner.action.AnnotationPriorityTest" name="testPaused"/>
  <testcase time="0.001" classname="com.jd.ipc.inner.action.AnnotationPriorityTest" name="testPaused1"/>
  <testcase time="0" classname="com.jd.ipc.inner.action.AnnotationPriorityTest" name="testScope"/>
</testsuite>